[32m2023-01-26 21:46:23 -0500[0m - dagster - [34mDEBUG[0m - __ASSET_JOB - 726b110d-5a9c-44e4-b959-6fa50c348f78 - 56403 - LOGS_CAPTURED - Started capturing logs in process (pid: 56403).
[32m2023-01-26 21:46:23 -0500[0m - dagster - [34mDEBUG[0m - __ASSET_JOB - 726b110d-5a9c-44e4-b959-6fa50c348f78 - 56403 - run_dbt_06e5b - STEP_START - Started execution of step "run_dbt_06e5b".
[32m2023-01-26 21:46:23 -0500[0m - dagster - [34mINFO[0m - resource:dbt - 726b110d-5a9c-44e4-b959-6fa50c348f78 - run_dbt_06e5b - Executing command: dbt --no-use-color --log-format json run --project-dir /Users/jakemullins/Projects/dagster/dagster/examples/tutorial_dbt_dagster/tutorial_finished/tutorial_dbt_dagster/assets/../../jaffle_shop --profiles-dir /Users/jakemullins/Projects/dagster/dagster/examples/tutorial_dbt_dagster/tutorial_finished/tutorial_dbt_dagster/assets/../../jaffle_shop/config --select *
[32m2023-01-26 21:46:25 -0500[0m - dagster - [34mINFO[0m - resource:dbt - 726b110d-5a9c-44e4-b959-6fa50c348f78 - run_dbt_06e5b - Running with dbt=1.3.2
[32m2023-01-26 21:46:25 -0500[0m - dagster - [34mINFO[0m - resource:dbt - 726b110d-5a9c-44e4-b959-6fa50c348f78 - run_dbt_06e5b - Found 3 models, 7 tests, 0 snapshots, 0 analyses, 319 macros, 0 operations, 0 seed files, 2 sources, 0 exposures, 0 metrics
[32m2023-01-26 21:46:26 -0500[0m - dagster - [34mINFO[0m - resource:dbt - 726b110d-5a9c-44e4-b959-6fa50c348f78 - run_dbt_06e5b - Concurrency: 1 threads (target='dev')
[32m2023-01-26 21:46:26 -0500[0m - dagster - [34mINFO[0m - resource:dbt - 726b110d-5a9c-44e4-b959-6fa50c348f78 - run_dbt_06e5b - 1 of 3 START sql table model jaffle_shop.stg_customers ......................... [RUN]
[32m2023-01-26 21:46:29 -0500[0m - dagster - [34mINFO[0m - resource:dbt - 726b110d-5a9c-44e4-b959-6fa50c348f78 - run_dbt_06e5b - 1 of 3 OK created sql table model jaffle_shop.stg_customers .................... [CREATE TABLE (100.0 rows, 1.9 KB processed) in 3.14s]
[32m2023-01-26 21:46:29 -0500[0m - dagster - [34mINFO[0m - resource:dbt - 726b110d-5a9c-44e4-b959-6fa50c348f78 - run_dbt_06e5b - 2 of 3 START sql table model jaffle_shop.stg_orders ............................ [RUN]
[32m2023-01-26 21:46:32 -0500[0m - dagster - [34mINFO[0m - resource:dbt - 726b110d-5a9c-44e4-b959-6fa50c348f78 - run_dbt_06e5b - 2 of 3 OK created sql table model jaffle_shop.stg_orders ....................... [CREATE TABLE (99.0 rows, 3.3 KB processed) in 2.86s]
[32m2023-01-26 21:46:32 -0500[0m - dagster - [34mINFO[0m - resource:dbt - 726b110d-5a9c-44e4-b959-6fa50c348f78 - run_dbt_06e5b - 3 of 3 START sql table model jaffle_shop.customers ............................. [RUN]
[32m2023-01-26 21:46:35 -0500[0m - dagster - [34mINFO[0m - resource:dbt - 726b110d-5a9c-44e4-b959-6fa50c348f78 - run_dbt_06e5b - 3 of 3 OK created sql table model jaffle_shop.customers ........................ [CREATE TABLE (100.0 rows, 4.3 KB processed) in 2.88s]
[32m2023-01-26 21:46:35 -0500[0m - dagster - [34mINFO[0m - resource:dbt - 726b110d-5a9c-44e4-b959-6fa50c348f78 - run_dbt_06e5b - Finished running 3 table models in 0 hours 0 minutes and 9.99 seconds (9.99s).
[32m2023-01-26 21:46:35 -0500[0m - dagster - [34mINFO[0m - resource:dbt - 726b110d-5a9c-44e4-b959-6fa50c348f78 - run_dbt_06e5b - Completed successfully
[32m2023-01-26 21:46:35 -0500[0m - dagster - [34mINFO[0m - resource:dbt - 726b110d-5a9c-44e4-b959-6fa50c348f78 - run_dbt_06e5b - Done. PASS=3 WARN=0 ERROR=0 SKIP=0 TOTAL=3
[32m2023-01-26 21:46:36 -0500[0m - dagster - [34mINFO[0m - resource:dbt - 726b110d-5a9c-44e4-b959-6fa50c348f78 - run_dbt_06e5b - dbt exited with return code 0
[32m2023-01-26 21:46:36 -0500[0m - dagster - [34mDEBUG[0m - __ASSET_JOB - 726b110d-5a9c-44e4-b959-6fa50c348f78 - 56403 - run_dbt_06e5b - STEP_OUTPUT - Yielded output "stg_customers" of type "Nothing". (Type check passed).
[32m2023-01-26 21:46:36 -0500[0m - dagster - [34mDEBUG[0m - __ASSET_JOB - 726b110d-5a9c-44e4-b959-6fa50c348f78 - 56403 - run_dbt_06e5b - ASSET_MATERIALIZATION - Materialized value stg_customers.
[32m2023-01-26 21:46:36 -0500[0m - dagster - [34mDEBUG[0m - __ASSET_JOB - 726b110d-5a9c-44e4-b959-6fa50c348f78 - 56403 - run_dbt_06e5b - HANDLED_OUTPUT - Handled output "stg_customers" using IO manager "io_manager"
[32m2023-01-26 21:46:36 -0500[0m - dagster - [34mDEBUG[0m - __ASSET_JOB - 726b110d-5a9c-44e4-b959-6fa50c348f78 - 56403 - run_dbt_06e5b - STEP_OUTPUT - Yielded output "stg_orders" of type "Nothing". (Type check passed).
[32m2023-01-26 21:46:36 -0500[0m - dagster - [34mDEBUG[0m - __ASSET_JOB - 726b110d-5a9c-44e4-b959-6fa50c348f78 - 56403 - run_dbt_06e5b - ASSET_MATERIALIZATION - Materialized value stg_orders.
[32m2023-01-26 21:46:36 -0500[0m - dagster - [34mDEBUG[0m - __ASSET_JOB - 726b110d-5a9c-44e4-b959-6fa50c348f78 - 56403 - run_dbt_06e5b - HANDLED_OUTPUT - Handled output "stg_orders" using IO manager "io_manager"
[32m2023-01-26 21:46:36 -0500[0m - dagster - [34mDEBUG[0m - __ASSET_JOB - 726b110d-5a9c-44e4-b959-6fa50c348f78 - 56403 - run_dbt_06e5b - STEP_OUTPUT - Yielded output "customers" of type "Nothing". (Type check passed).
[32m2023-01-26 21:46:36 -0500[0m - dagster - [34mDEBUG[0m - __ASSET_JOB - 726b110d-5a9c-44e4-b959-6fa50c348f78 - 56403 - run_dbt_06e5b - ASSET_MATERIALIZATION - Materialized value customers.
[32m2023-01-26 21:46:36 -0500[0m - dagster - [34mDEBUG[0m - __ASSET_JOB - 726b110d-5a9c-44e4-b959-6fa50c348f78 - 56403 - run_dbt_06e5b - HANDLED_OUTPUT - Handled output "customers" using IO manager "io_manager"
[32m2023-01-26 21:46:36 -0500[0m - dagster - [34mDEBUG[0m - __ASSET_JOB - 726b110d-5a9c-44e4-b959-6fa50c348f78 - 56403 - run_dbt_06e5b - STEP_SUCCESS - Finished execution of step "run_dbt_06e5b" in 12.25s.
