[32m2023-01-26 21:59:49 -0500[0m - dagster - [34mDEBUG[0m - __ASSET_JOB - ad34b096-412b-4c88-b43d-875e1aaf810d - 57130 - LOGS_CAPTURED - Started capturing logs in process (pid: 57130).
[32m2023-01-26 21:59:49 -0500[0m - dagster - [34mDEBUG[0m - __ASSET_JOB - ad34b096-412b-4c88-b43d-875e1aaf810d - 57130 - run_dbt_8e00f - STEP_START - Started execution of step "run_dbt_8e00f".
[32m2023-01-26 21:59:49 -0500[0m - dagster - [34mINFO[0m - resource:dbt - ad34b096-412b-4c88-b43d-875e1aaf810d - run_dbt_8e00f - Executing command: dbt --no-use-color --log-format json run --project-dir /Users/jakemullins/Projects/dagster/dagster/examples/tutorial_dbt_dagster/bigquery/tutorial_dbt_dagster/assets/../../my_dbt_project --profiles-dir /Users/jakemullins/Projects/dagster/dagster/examples/tutorial_dbt_dagster/bigquery/tutorial_dbt_dagster/assets/../../my_dbt_project/config --select *
[32m2023-01-26 21:59:51 -0500[0m - dagster - [34mINFO[0m - resource:dbt - ad34b096-412b-4c88-b43d-875e1aaf810d - run_dbt_8e00f - Running with dbt=1.3.2
[32m2023-01-26 21:59:51 -0500[0m - dagster - [34mINFO[0m - resource:dbt - ad34b096-412b-4c88-b43d-875e1aaf810d - run_dbt_8e00f - Found 2 models, 4 tests, 0 snapshots, 0 analyses, 319 macros, 0 operations, 0 seed files, 0 sources, 0 exposures, 0 metrics
[32m2023-01-26 21:59:54 -0500[0m - dagster - [34mINFO[0m - resource:dbt - ad34b096-412b-4c88-b43d-875e1aaf810d - run_dbt_8e00f - Concurrency: 1 threads (target='dev')
[32m2023-01-26 21:59:54 -0500[0m - dagster - [34mINFO[0m - resource:dbt - ad34b096-412b-4c88-b43d-875e1aaf810d - run_dbt_8e00f - 1 of 2 START sql table model my_dbt_project.my_first_dbt_model ................. [RUN]
[32m2023-01-26 21:59:57 -0500[0m - dagster - [34mINFO[0m - resource:dbt - ad34b096-412b-4c88-b43d-875e1aaf810d - run_dbt_8e00f - 1 of 2 OK created sql table model my_dbt_project.my_first_dbt_model ............ [CREATE TABLE (2.0 rows, 0 processed) in 2.99s]
[32m2023-01-26 21:59:57 -0500[0m - dagster - [34mINFO[0m - resource:dbt - ad34b096-412b-4c88-b43d-875e1aaf810d - run_dbt_8e00f - 2 of 2 START sql view model my_dbt_project.my_second_dbt_model ................. [RUN]
[32m2023-01-26 21:59:58 -0500[0m - dagster - [34mINFO[0m - resource:dbt - ad34b096-412b-4c88-b43d-875e1aaf810d - run_dbt_8e00f - 2 of 2 OK created sql view model my_dbt_project.my_second_dbt_model ............ [CREATE VIEW (0 processed) in 1.13s]
[32m2023-01-26 21:59:58 -0500[0m - dagster - [34mINFO[0m - resource:dbt - ad34b096-412b-4c88-b43d-875e1aaf810d - run_dbt_8e00f - Finished running 1 table model, 1 view model in 0 hours 0 minutes and 6.80 seconds (6.80s).
[32m2023-01-26 21:59:58 -0500[0m - dagster - [34mINFO[0m - resource:dbt - ad34b096-412b-4c88-b43d-875e1aaf810d - run_dbt_8e00f - Completed successfully
[32m2023-01-26 21:59:58 -0500[0m - dagster - [34mINFO[0m - resource:dbt - ad34b096-412b-4c88-b43d-875e1aaf810d - run_dbt_8e00f - Done. PASS=2 WARN=0 ERROR=0 SKIP=0 TOTAL=2
[32m2023-01-26 21:59:58 -0500[0m - dagster - [34mINFO[0m - resource:dbt - ad34b096-412b-4c88-b43d-875e1aaf810d - run_dbt_8e00f - dbt exited with return code 0
[32m2023-01-26 21:59:58 -0500[0m - dagster - [34mDEBUG[0m - __ASSET_JOB - ad34b096-412b-4c88-b43d-875e1aaf810d - 57130 - run_dbt_8e00f - STEP_OUTPUT - Yielded output "my_first_dbt_model" of type "Nothing". (Type check passed).
[32m2023-01-26 21:59:58 -0500[0m - dagster - [34mDEBUG[0m - __ASSET_JOB - ad34b096-412b-4c88-b43d-875e1aaf810d - 57130 - run_dbt_8e00f - ASSET_MATERIALIZATION - Materialized value my_first_dbt_model.
[32m2023-01-26 21:59:58 -0500[0m - dagster - [34mDEBUG[0m - __ASSET_JOB - ad34b096-412b-4c88-b43d-875e1aaf810d - 57130 - run_dbt_8e00f - HANDLED_OUTPUT - Handled output "my_first_dbt_model" using IO manager "io_manager"
[32m2023-01-26 21:59:58 -0500[0m - dagster - [34mDEBUG[0m - __ASSET_JOB - ad34b096-412b-4c88-b43d-875e1aaf810d - 57130 - run_dbt_8e00f - STEP_OUTPUT - Yielded output "my_second_dbt_model" of type "Nothing". (Type check passed).
[32m2023-01-26 21:59:58 -0500[0m - dagster - [34mDEBUG[0m - __ASSET_JOB - ad34b096-412b-4c88-b43d-875e1aaf810d - 57130 - run_dbt_8e00f - ASSET_MATERIALIZATION - Materialized value my_second_dbt_model.
[32m2023-01-26 21:59:58 -0500[0m - dagster - [34mDEBUG[0m - __ASSET_JOB - ad34b096-412b-4c88-b43d-875e1aaf810d - 57130 - run_dbt_8e00f - HANDLED_OUTPUT - Handled output "my_second_dbt_model" using IO manager "io_manager"
[32m2023-01-26 21:59:58 -0500[0m - dagster - [34mDEBUG[0m - __ASSET_JOB - ad34b096-412b-4c88-b43d-875e1aaf810d - 57130 - run_dbt_8e00f - STEP_SUCCESS - Finished execution of step "run_dbt_8e00f" in 9.11s.
